[05Jan2025 00:00:34.930] [Server thread/INFO] [net.minecraft.server.MinecraftServer/]: zzsetas has made the advancement [Diamonds!]
[05Jan2025 00:02:19.382] [Server thread/INFO] [net.minecraft.server.MinecraftServer/]: FrancoTapias_37 was blown up by Mutant Creeper
[05Jan2025 00:15:48.950] [Server thread/INFO] [net.minecraft.server.MinecraftServer/]: zzsetas has made the advancement [Cover Me with Diamonds]
[05Jan2025 00:16:22.301] [Server thread/INFO] [net.minecraft.server.MinecraftServer/]: [Not Secure] <FrancoTapias_37> 5 minutos
[05Jan2025 00:16:27.645] [Server thread/INFO] [net.minecraft.server.MinecraftServer/]: [Not Secure] <zzsetas> hola
[05Jan2025 00:16:33.428] [Server thread/INFO] [net.minecraft.server.MinecraftServer/]: [Not Secure] <FrancoTapias_37> hols
[05Jan2025 00:16:51.336] [Server thread/INFO] [net.minecraft.server.MinecraftServer/]: [Not Secure] <FrancoTapias_37> tu vas al grano ni casa ni nada xD
[05Jan2025 00:17:03.019] [Server thread/INFO] [net.minecraft.server.MinecraftServer/]: zzsetas has made the advancement [Hot Stuff]
[05Jan2025 00:19:50.429] [Server thread/WARN] [net.minecraft.server.level.ServerPlayerGameMode/]: Mismatch in destroy block pos: BlockPos{x=126, y=62, z=48} BlockPos{x=127, y=62, z=48}
[05Jan2025 00:23:41.926] [Server thread/INFO] [net.minecraft.server.network.ServerGamePacketListenerImpl/]: FrancoTapias_37 lost connection: Disconnected
[05Jan2025 00:23:41.927] [Server thread/INFO] [net.minecraft.server.MinecraftServer/]: FrancoTapias_37 left the game
[05Jan2025 00:25:32.207] [Server thread/INFO] [net.minecraft.server.players.PlayerList/]: zelev555[/100.66.243.92:50843] logged in with entity id 11969 at (-4.511124690926289, 64.0, -190.30000001192093)
[05Jan2025 00:25:32.231] [Server thread/INFO] [net.minecraft.server.MinecraftServer/]: zelev555 joined the game
[05Jan2025 00:25:32.318] [Server thread/INFO] [Jade/]: Syncing config to zelev555 (2e7dca83-d249-33d5-8db5-5ccbdd884edc)
[05Jan2025 00:25:42.003] [Server thread/INFO] [net.minecraft.server.MinecraftServer/]: [Not Secure] <zzsetas> buenos dias
[05Jan2025 00:26:02.171] [Server thread/INFO] [net.minecraft.server.network.ServerGamePacketListenerImpl/]: zelev555 lost connection: Timed out
[05Jan2025 00:26:02.171] [Server thread/INFO] [net.minecraft.server.MinecraftServer/]: zelev555 left the game
[05Jan2025 00:27:25.641] [Server thread/INFO] [net.minecraft.server.players.PlayerList/]: zelev555[/100.66.243.92:50865] logged in with entity id 12386 at (-4.511124690926289, 64.0, -190.30000001192093)
[05Jan2025 00:27:25.657] [Server thread/INFO] [net.minecraft.server.MinecraftServer/]: zelev555 joined the game
[05Jan2025 00:27:25.679] [Server thread/INFO] [Jade/]: Syncing config to zelev555 (2e7dca83-d249-33d5-8db5-5ccbdd884edc)
[05Jan2025 00:36:07.625] [Server thread/INFO] [net.minecraft.server.MinecraftServer/]: zelev555 has made the advancement [Sweet Dreams]
[05Jan2025 00:36:14.434] [Server thread/INFO] [net.minecraft.server.MinecraftServer/]: [Not Secure] <zelev555> oe
[05Jan2025 00:36:21.425] [Server thread/INFO] [net.minecraft.server.MinecraftServer/]: [Not Secure] <zzsetas> ehh
[05Jan2025 00:36:32.971] [Server thread/INFO] [net.minecraft.server.MinecraftServer/]: [Not Secure] <zelev555> ya me va medianamente bien
[05Jan2025 00:36:45.126] [Server thread/INFO] [net.minecraft.server.MinecraftServer/]: [Not Secure] <zzsetas> no se quien eres tu
[05Jan2025 00:37:07.807] [Server thread/INFO] [net.minecraft.server.MinecraftServer/]: [Not Secure] <zelev555> jajja no sos jose
[05Jan2025 00:39:14.233] [Server thread/INFO] [net.minecraft.server.MinecraftServer/]: zelev555 has made the advancement [Stone Age]
[05Jan2025 00:40:05.451] [Server thread/INFO] [net.minecraft.server.MinecraftServer/]: zelev555 has made the advancement [Getting an Upgrade]
[05Jan2025 00:50:36.399] [Server thread/INFO] [net.minecraft.server.MinecraftServer/]: [Not Secure] <zelev555> eyyy
[05Jan2025 00:50:42.885] [Server thread/INFO] [net.minecraft.server.MinecraftServer/]: [Not Secure] <zelev555> podes dormir
[05Jan2025 00:51:08.603] [Server thread/INFO] [net.minecraft.server.MinecraftServer/]: [Not Secure] <zzsetas> estoy en la capa -59
[05Jan2025 00:51:16.206] [Server thread/INFO] [net.minecraft.server.MinecraftServer/]: [Not Secure] <zelev555> aa
[05Jan2025 00:52:05.804] [Server thread/INFO] [net.minecraft.server.MinecraftServer/]: zelev555 has made the advancement [Acquire Hardware]
[05Jan2025 00:53:12.723] [Server thread/INFO] [net.minecraft.server.MinecraftServer/]: zelev555 has made the advancement [Not Today, Thank You]
[05Jan2025 00:53:34.584] [Server thread/INFO] [net.minecraft.server.MinecraftServer/]: [Not Secure] [Server] pinches putos pendejos, pendejos putos pendejos
[05Jan2025 00:54:07.303] [Server thread/INFO] [net.minecraft.server.MinecraftServer/]: [Not Secure] <zelev555> eyyy que esa cosa
[05Jan2025 00:54:32.630] [Server thread/INFO] [net.minecraft.server.MinecraftServer/]: [Not Secure] <zelev555> gas es comoo un gusano de tierra humanoide
[05Jan2025 00:55:12.428] [Server thread/INFO] [net.minecraft.server.MinecraftServer/]: [Not Secure] [Server] es su papá
[05Jan2025 00:55:16.432] [Server thread/INFO] [net.minecraft.server.MinecraftServer/]: zelev555 has made the advancement [Monster Hunter]
[05Jan2025 00:55:55.825] [Server thread/INFO] [net.minecraft.server.MinecraftServer/]: [Not Secure] <zelev555> el suyo
[05Jan2025 00:57:08.926] [Server thread/INFO] [net.minecraft.server.MinecraftServer/]: [Not Secure] [Server] por cierto ¿quén sos?
[05Jan2025 00:57:17.323] [Server thread/INFO] [net.minecraft.server.MinecraftServer/]: [Not Secure] <zelev555> juan
[05Jan2025 00:57:41.921] [Server thread/INFO] [net.minecraft.server.MinecraftServer/]: [Not Secure] <zelev555> y el otro quien es
[05Jan2025 01:08:20.504] [Server thread/INFO] [net.minecraft.server.MinecraftServer/]: [Not Secure] <zelev555> un fantasma me matto
[05Jan2025 01:08:46.832] [Server thread/INFO] [net.minecraft.server.MinecraftServer/]: zelev555 was slain by Husk
